<?xml version="1.0" encoding="UTF-8"?>
<!-- Generated by org.testng.reporters.JUnitXMLReporter -->
<testsuite ignored="0" hostname="krishna" failures="0" tests="1" name="Test-Runner-Firefox" time="33.243" errors="0" timestamp="2023-01-26T21:02:56 IST">
  <testcase classname="vTigerOrganizationTestScripts.CreateContactWithorganizationTest" name="createContactWithOrgTest" time="24.306"/>
</testsuite> <!-- Test-Runner-Firefox -->
