<?xml version="1.0" encoding="UTF-8"?>
<!-- Generated by org.testng.reporters.JUnitXMLReporter -->
<testsuite ignored="0" hostname="krishna" failures="0" tests="1" name="Test-Runner-Firefox" time="57.702" errors="0" timestamp="2023-01-27T12:22:57 IST">
  <testcase classname="vTigerOrganizationTestScripts.CreateContactWithorganizationTest" name="createContactWithOrgTest" time="39.087"/>
</testsuite> <!-- Test-Runner-Firefox -->
