<?xml version="1.0" encoding="UTF-8"?>
<!-- Generated by org.testng.reporters.JUnitXMLReporter -->
<testsuite ignored="0" hostname="krishna" failures="0" tests="1" name="Test-Runner-Firefox" time="104.422" errors="0" timestamp="2023-08-01T20:00:55 IST">
  <testcase classname="vTigerOrganizationTestScripts.CreateContactWithorganizationTest" name="createContactWithOrgTest" time="79.66"/>
</testsuite> <!-- Test-Runner-Firefox -->
