<?xml version="1.0" encoding="UTF-8"?>
<!-- Generated by org.testng.reporters.JUnitXMLReporter -->
<testsuite ignored="0" hostname="krishna" failures="0" tests="1" name="Test-Runner-Firefox" time="60.334" errors="0" timestamp="2023-01-04T11:07:03 IST">
  <testcase classname="vTigerOrganizationTestScripts.CreateContactWithorganizationTest" name="createContactWithOrgTest" time="43.805"/>
</testsuite> <!-- Test-Runner-Firefox -->
