<?xml version="1.0" encoding="UTF-8"?>
<!-- Generated by org.testng.reporters.JUnitReportReporter -->
<testsuite hostname="krishna" failures="0" tests="2" name="vTigerOrganizationTestScripts.CreateContactWithorganizationTest" time="178.858" errors="0" timestamp="2023-08-01T20:00:58 IST" skipped="0">
  <testcase classname="vTigerOrganizationTestScripts.CreateContactWithorganizationTest" name="createContactWithOrgTest" time="89.444"/>
  <system-out/>
  <testcase classname="vTigerOrganizationTestScripts.CreateContactWithorganizationTest" name="createContactWithOrgTest" time="89.414"/>
  <system-out/>
</testsuite> <!-- vTigerOrganizationTestScripts.CreateContactWithorganizationTest -->
