<?xml version="1.0" encoding="UTF-8"?>
<!-- Generated by org.testng.reporters.JUnitReportReporter -->
<testsuite hostname="krishna" failures="0" tests="3" name="testScriptsPractice.TestScript3Test" time="18.899" errors="0" timestamp="2023-12-13T12:10:40 IST" skipped="0">
  <testcase classname="testScriptsPractice.TestScript3Test" name="Run1" time="4.390"/>
  <system-out/>
  <testcase classname="testScriptsPractice.TestScript3Test" name="Run2" time="9.925"/>
  <system-out/>
  <testcase classname="testScriptsPractice.TestScript3Test" name="Run3" time="4.584"/>
  <system-out/>
</testsuite> <!-- testScriptsPractice.TestScript3Test -->
