<?xml version="1.0" encoding="UTF-8"?>
<!-- Generated by org.testng.reporters.JUnitReportReporter -->
<testsuite hostname="krishna" failures="0" tests="5" name="vTiger.Practice.DataProviderPractice2" time="0.017" errors="0" timestamp="2022-12-30T09:56:52 IST" skipped="0">
  <testcase classname="vTiger.Practice.DataProviderPractice2" name="addOrgnameAndIndusty" time="0.001"/>
  <system-out/>
  <testcase classname="vTiger.Practice.DataProviderPractice2" name="addOrgnameAndIndusty" time="0.002"/>
  <system-out/>
  <testcase classname="vTiger.Practice.DataProviderPractice2" name="addOrgnameAndIndusty" time="0.001"/>
  <system-out/>
  <testcase classname="vTiger.Practice.DataProviderPractice2" name="addOrgnameAndIndusty" time="0.011"/>
  <system-out/>
  <testcase classname="vTiger.Practice.DataProviderPractice2" name="addOrgnameAndIndusty" time="0.002"/>
  <system-out/>
</testsuite> <!-- vTiger.Practice.DataProviderPractice2 -->
