<?xml version="1.0" encoding="UTF-8"?>
<!-- Generated by org.testng.reporters.JUnitReportReporter -->
<testsuite hostname="krishna" failures="0" tests="1" name="vTiger.Practice.SampleJDBCexecuteUpade" time="0.360" errors="0" timestamp="2023-02-16T19:50:24 IST" skipped="0">
  <testcase classname="vTiger.Practice.SampleJDBCexecuteUpade" name="sampleUpdate" time="0.360"/>
  <system-out/>
</testsuite> <!-- vTiger.Practice.SampleJDBCexecuteUpade -->
