<?xml version="1.0" encoding="UTF-8"?>
<!-- Generated by org.testng.reporters.JUnitReportReporter -->
<testsuite hostname="krishna" failures="0" tests="1" name="vTiger.Practice.FireFox" time="29.969" errors="0" timestamp="2023-08-19T18:19:20 IST" skipped="0">
  <testcase classname="vTiger.Practice.FireFox" name="launcBrowser" time="29.969"/>
  <system-out/>
</testsuite> <!-- vTiger.Practice.FireFox -->
