<?xml version="1.0" encoding="UTF-8"?>
<!-- Generated by org.testng.reporters.JUnitReportReporter -->
<testsuite hostname="krishna" failures="0" tests="1" name="vTiger.Practice.FireFox" time="17.318" errors="0" timestamp="2023-02-28T16:19:09 IST" skipped="0">
  <testcase classname="vTiger.Practice.FireFox" name="launcBrowser" time="17.318"/>
  <system-out/>
</testsuite> <!-- vTiger.Practice.FireFox -->
