<?xml version="1.0" encoding="UTF-8"?>
<!-- Generated by org.testng.reporters.JUnitReportReporter -->
<testsuite hostname="krishna" failures="0" tests="1" name="vTiger.Practice.SampleJDBCexecuteQuery" time="0.330" errors="0" timestamp="2023-05-25T12:42:38 IST" skipped="0">
  <testcase classname="vTiger.Practice.SampleJDBCexecuteQuery" name="sampleJDBC" time="0.330"/>
  <system-out/>
</testsuite> <!-- vTiger.Practice.SampleJDBCexecuteQuery -->
