<?xml version="1.0" encoding="UTF-8"?>
<!-- Generated by org.testng.reporters.JUnitReportReporter -->
<testsuite hostname="krishna" failures="0" tests="2" name="vTigerOrganizationTestScripts.CreateContactWithorganizationTest" time="58.758" errors="0" timestamp="2023-01-26T21:02:56 IST" skipped="0">
  <testcase classname="vTigerOrganizationTestScripts.CreateContactWithorganizationTest" name="createContactWithOrgTest" time="29.270"/>
  <system-out/>
  <testcase classname="vTigerOrganizationTestScripts.CreateContactWithorganizationTest" name="createContactWithOrgTest" time="29.488"/>
  <system-out/>
</testsuite> <!-- vTigerOrganizationTestScripts.CreateContactWithorganizationTest -->
