<?xml version="1.0" encoding="UTF-8"?>
<!-- Generated by org.testng.reporters.JUnitReportReporter -->
<testsuite hostname="krishna" failures="0" tests="3" name="testScriptsPractice.TestScript1Test" time="10.289" errors="0" timestamp="2023-12-13T12:13:59 IST" skipped="0">
  <testcase classname="testScriptsPractice.TestScript1Test" name="Suite1" time="3.345"/>
  <system-out/>
  <testcase classname="testScriptsPractice.TestScript1Test" name="Suite3" time="3.633"/>
  <system-out/>
  <testcase classname="testScriptsPractice.TestScript1Test" name="Suite2" time="3.311"/>
  <system-out/>
</testsuite> <!-- testScriptsPractice.TestScript1Test -->
