<?xml version="1.0" encoding="UTF-8"?>
<!-- Generated by org.testng.reporters.JUnitReportReporter -->
<testsuite hostname="krishna" failures="0" tests="1" name="vTiger.Practice.CreateOrganizationTest" time="19.965" errors="0" timestamp="2023-01-26T19:57:19 IST" skipped="0">
  <testcase classname="vTiger.Practice.CreateOrganizationTest" name="createOrgTest" time="19.965"/>
  <system-out/>
</testsuite> <!-- vTiger.Practice.CreateOrganizationTest -->
