<?xml version="1.0" encoding="UTF-8"?>
<!-- Generated by org.testng.reporters.JUnitReportReporter -->
<testsuite hostname="krishna" failures="0" tests="1" name="vTiger.Practice.RemoteExecution" time="18.357" errors="0" timestamp="2023-02-17T13:16:05 IST" skipped="0">
  <testcase classname="vTiger.Practice.RemoteExecution" name="remoteExecution" time="18.357"/>
  <system-out/>
</testsuite> <!-- vTiger.Practice.RemoteExecution -->
