<?xml version="1.0" encoding="UTF-8"?>
<!-- Generated by org.testng.reporters.JUnitReportReporter -->
<testsuite hostname="krishna" failures="0" tests="2" name="vTiger.Practice.Check5ThCB_Vtiger_Org_module" time="13.778" errors="0" timestamp="2023-02-06T13:14:56 IST" skipped="0">
  <testcase classname="vTiger.Practice.Check5ThCB_Vtiger_Org_module" name="check5thCB" time="9.308"/>
  <system-out/>
  <testcase classname="vTiger.Practice.Check5ThCB_Vtiger_Org_module" name="printAllOrgNames" time="4.470"/>
  <system-out/>
</testsuite> <!-- vTiger.Practice.Check5ThCB_Vtiger_Org_module -->
