<?xml version="1.0" encoding="UTF-8"?>
<!-- Generated by org.testng.reporters.JUnitReportReporter -->
<testsuite hostname="krishna" failures="0" tests="5" name="vTigerOrganizationTestScripts.CreateMultipleOrganizations" time="79.760" errors="0" timestamp="2023-01-02T16:25:42 IST" skipped="0">
  <testcase classname="vTigerOrganizationTestScripts.CreateMultipleOrganizations" name="createMultipleOrgTest" time="15.172"/>
  <system-out/>
  <testcase classname="vTigerOrganizationTestScripts.CreateMultipleOrganizations" name="createMultipleOrgTest" time="15.564"/>
  <system-out/>
  <testcase classname="vTigerOrganizationTestScripts.CreateMultipleOrganizations" name="createMultipleOrgTest" time="15.475"/>
  <system-out/>
  <testcase classname="vTigerOrganizationTestScripts.CreateMultipleOrganizations" name="createMultipleOrgTest" time="18.094"/>
  <system-out/>
  <testcase classname="vTigerOrganizationTestScripts.CreateMultipleOrganizations" name="createMultipleOrgTest" time="15.455"/>
  <system-out/>
</testsuite> <!-- vTigerOrganizationTestScripts.CreateMultipleOrganizations -->
