<?xml version="1.0" encoding="UTF-8"?>
<!-- Generated by org.testng.reporters.JUnitReportReporter -->
<testsuite hostname="krishna" failures="0" tests="1" name="seleniumPractice.GetProperty" time="0.012" errors="0" timestamp="2024-04-23T15:51:49 IST" skipped="0">
  <testcase classname="seleniumPractice.GetProperty" name="PrintProp" time="0.012"/>
</testsuite> <!-- seleniumPractice.GetProperty -->
