<?xml version="1.0" encoding="UTF-8"?>
<!-- Generated by org.testng.reporters.JUnitReportReporter -->
<testsuite hostname="krishna" failures="0" tests="3" name="testScriptsPractice.TestScript1Test" time="19.144" errors="0" timestamp="2023-04-04T15:11:38 IST" skipped="0">
  <testcase classname="testScriptsPractice.TestScript1Test" name="Suite3" time="7.400"/>
  <system-out/>
  <testcase classname="testScriptsPractice.TestScript1Test" name="Suite1" time="5.472"/>
  <system-out/>
  <testcase classname="testScriptsPractice.TestScript1Test" name="Suite2" time="6.272"/>
  <system-out/>
</testsuite> <!-- testScriptsPractice.TestScript1Test -->
