<?xml version="1.0" encoding="UTF-8"?>
<!-- Generated by org.testng.reporters.JUnitReportReporter -->
<testsuite hostname="krishna" failures="0" tests="2" name="vTigerContactsTestScripts.ContactTest" time="0.017" errors="0" timestamp="2023-03-02T20:29:30 IST" skipped="0">
  <testcase classname="vTigerContactsTestScripts.ContactTest" name="contact1" time="0.016"/>
  <system-out/>
  <testcase classname="vTigerContactsTestScripts.ContactTest" name="contact2" time="0.001"/>
  <system-out/>
</testsuite> <!-- vTigerContactsTestScripts.ContactTest -->
