<?xml version="1.0" encoding="UTF-8"?>
<!-- Generated by org.testng.reporters.JUnitReportReporter -->
<testsuite hostname="krishna" failures="0" tests="1" name="vTiger.Practice.ImplicitWait" time="26.776" errors="0" timestamp="2024-04-23T16:25:45 IST" skipped="0">
  <testcase classname="vTiger.Practice.ImplicitWait" name="t1" time="26.776"/>
</testsuite> <!-- vTiger.Practice.ImplicitWait -->
