<?xml version="1.0" encoding="UTF-8"?>
<!-- Generated by org.testng.reporters.JUnitReportReporter -->
<testsuite hostname="krishna" failures="0" tests="2" name="vTigerOrganizationTestScripts.CreateContactWithorganizationTest" time="153.491" errors="0" timestamp="2024-04-08T13:54:09 IST" skipped="0">
  <testcase classname="vTigerOrganizationTestScripts.CreateContactWithorganizationTest" name="createContactWithOrgTest" time="76.708"/>
  <testcase classname="vTigerOrganizationTestScripts.CreateContactWithorganizationTest" name="createContactWithOrgTest" time="76.783"/>
</testsuite> <!-- vTigerOrganizationTestScripts.CreateContactWithorganizationTest -->
