<?xml version="1.0" encoding="UTF-8"?>
<!-- Generated by org.testng.reporters.JUnitReportReporter -->
<testsuite hostname="krishna" failures="0" tests="1" name="vTiger.Practice.ReadDataFromCommandLineTest" time="0.011" errors="0" timestamp="2023-03-02T20:31:09 IST" skipped="0">
  <testcase classname="vTiger.Practice.ReadDataFromCommandLineTest" name="readData" time="0.011"/>
  <system-out/>
</testsuite> <!-- vTiger.Practice.ReadDataFromCommandLineTest -->
