<?xml version="1.0" encoding="UTF-8"?>
<!-- Generated by org.testng.reporters.JUnitReportReporter -->
<testsuite hostname="krishna" failures="0" tests="4" name="testScriptsPractice.TestScript2Test" time="22.804" errors="0" timestamp="2023-12-13T12:10:40 IST" skipped="0">
  <testcase classname="testScriptsPractice.TestScript2Test" name="Demo2" time="8.518"/>
  <system-out/>
  <testcase classname="testScriptsPractice.TestScript2Test" name="Demo4" time="6.080"/>
  <system-out/>
  <testcase classname="testScriptsPractice.TestScript2Test" name="Demo1" time="4.198"/>
  <system-out/>
  <testcase classname="testScriptsPractice.TestScript2Test" name="Demo3" time="4.008"/>
  <system-out/>
</testsuite> <!-- testScriptsPractice.TestScript2Test -->
