<?xml version="1.0" encoding="UTF-8"?>
<!-- Generated by org.testng.reporters.JUnitReportReporter -->
<testsuite hostname="krishna" failures="0" tests="1" name="vTiger.Practice.YatraTckBook" time="25.464" errors="0" timestamp="2023-02-06T09:33:02 IST" skipped="0">
  <testcase classname="vTiger.Practice.YatraTckBook" name="book" time="25.464"/>
  <system-out/>
</testsuite> <!-- vTiger.Practice.YatraTckBook -->
