<?xml version="1.0" encoding="UTF-8"?>
<!-- Generated by org.testng.reporters.JUnitReportReporter -->
<testsuite hostname="krishna" failures="0" tests="3" name="testScriptsPractice.TestScript3Test" time="19.277" errors="0" timestamp="2023-04-04T15:11:38 IST" skipped="0">
  <testcase classname="testScriptsPractice.TestScript3Test" name="Run1" time="7.548"/>
  <system-out/>
  <testcase classname="testScriptsPractice.TestScript3Test" name="Run3" time="6.195"/>
  <system-out/>
  <testcase classname="testScriptsPractice.TestScript3Test" name="Run2" time="5.534"/>
  <system-out/>
</testsuite> <!-- testScriptsPractice.TestScript3Test -->
