<?xml version="1.0" encoding="UTF-8"?>
<!-- Generated by org.testng.reporters.JUnitReportReporter -->
<testsuite hostname="krishna" failures="0" tests="1" name="vTiger.Practice.VtigerCheckallorg" time="12.947" errors="0" timestamp="2023-02-06T15:05:44 IST" skipped="0">
  <testcase classname="vTiger.Practice.VtigerCheckallorg" name="orgAllCheck" time="12.947"/>
  <system-out/>
</testsuite> <!-- vTiger.Practice.VtigerCheckallorg -->
