<?xml version="1.0" encoding="UTF-8"?>
<!-- Generated by org.testng.reporters.JUnitReportReporter -->
<testsuite hostname="krishna" failures="0" tests="2" name="vTiger.Practice.AssertionPractice" time="0.017" errors="0" timestamp="2023-01-25T14:26:32 IST" skipped="0">
  <testcase classname="vTiger.Practice.AssertionPractice" name="assertTest1" time="0.013"/>
  <system-out/>
  <testcase classname="vTiger.Practice.AssertionPractice" name="assertTest2" time="0.004"/>
  <system-out/>
</testsuite> <!-- vTiger.Practice.AssertionPractice -->
