<?xml version="1.0" encoding="UTF-8"?>
<!-- Generated by org.testng.reporters.JUnitReportReporter -->
<testsuite hostname="krishna" failures="0" tests="1" name="seleniumPractice.GetProperty" time="0.010" errors="0" timestamp="2023-06-21T12:25:35 IST" skipped="0">
  <testcase classname="seleniumPractice.GetProperty" name="PrintProp" time="0.010"/>
  <system-out/>
</testsuite> <!-- seleniumPractice.GetProperty -->
