<?xml version="1.0" encoding="UTF-8"?>
<!-- Generated by org.testng.reporters.JUnitReportReporter -->
<testsuite hostname="krishna" failures="0" tests="2" name="seleniumPractice.SSasByte" time="14.417" errors="0" timestamp="2023-06-01T14:50:45 IST" skipped="0">
  <testcase classname="seleniumPractice.SSasByte" name="chromeSS" time="8.077"/>
  <system-out/>
  <testcase classname="seleniumPractice.SSasByte" name="TakeSS" time="6.340"/>
  <system-out/>
</testsuite> <!-- seleniumPractice.SSasByte -->
