<?xml version="1.0" encoding="UTF-8"?>
<!-- Generated by org.testng.reporters.JUnitReportReporter -->
<testsuite hostname="krishna" failures="0" tests="2" name="vTigerOrganizationTestScripts.CreateContactWithorganizationTest" time="102.119" errors="0" timestamp="2023-01-04T11:07:03 IST" skipped="0">
  <testcase classname="vTigerOrganizationTestScripts.CreateContactWithorganizationTest" name="createContactWithOrgTest" time="51.123"/>
  <system-out/>
  <testcase classname="vTigerOrganizationTestScripts.CreateContactWithorganizationTest" name="createContactWithOrgTest" time="50.996"/>
  <system-out/>
</testsuite> <!-- vTigerOrganizationTestScripts.CreateContactWithorganizationTest -->
