<?xml version="1.0" encoding="UTF-8"?>
<!-- Generated by org.testng.reporters.JUnitReportReporter -->
<testsuite hostname="krishna" failures="0" tests="1" name="testScriptsPractice.TestScript3" time="0.012" errors="0" timestamp="2023-03-15T20:14:06 IST" skipped="0">
  <testcase classname="testScriptsPractice.TestScript3" name="Run1" time="0.012"/>
  <system-out/>
</testsuite> <!-- testScriptsPractice.TestScript3 -->
