<?xml version="1.0" encoding="UTF-8"?>
<!-- Generated by org.testng.reporters.JUnitReportReporter -->
<testsuite hostname="krishna" failures="0" tests="2" name="vTigerOrganizationTestScripts.CreateContactWithorganizationTest" time="98.012" errors="0" timestamp="2023-01-27T12:22:57 IST" skipped="0">
  <testcase classname="vTigerOrganizationTestScripts.CreateContactWithorganizationTest" name="createContactWithOrgTest" time="49.009"/>
  <system-out/>
  <testcase classname="vTigerOrganizationTestScripts.CreateContactWithorganizationTest" name="createContactWithOrgTest" time="49.003"/>
  <system-out/>
</testsuite> <!-- vTigerOrganizationTestScripts.CreateContactWithorganizationTest -->
