<?xml version="1.0" encoding="UTF-8"?>
<!-- Generated by org.testng.reporters.JUnitReportReporter -->
<testsuite hostname="krishna" failures="0" tests="5" name="vTiger.Practice.DataProviderPractice2" time="0.013" errors="0" timestamp="2023-08-19T18:06:49 IST" skipped="0">
  <testcase classname="vTiger.Practice.DataProviderPractice2" name="addOrgnameAndIndusty" time="0.001"/>
  <system-out/>
  <testcase classname="vTiger.Practice.DataProviderPractice2" name="addOrgnameAndIndusty" time="0.010"/>
  <system-out/>
  <testcase classname="vTiger.Practice.DataProviderPractice2" name="addOrgnameAndIndusty" time="0.000"/>
  <system-out/>
  <testcase classname="vTiger.Practice.DataProviderPractice2" name="addOrgnameAndIndusty" time="0.002"/>
  <system-out/>
  <testcase classname="vTiger.Practice.DataProviderPractice2" name="addOrgnameAndIndusty" time="0.000"/>
  <system-out/>
</testsuite> <!-- vTiger.Practice.DataProviderPractice2 -->
