<?xml version="1.0" encoding="UTF-8"?>
<!-- Generated by org.testng.reporters.JUnitReportReporter -->
<testsuite hostname="krishna" failures="0" tests="1" name="vTiger.Practice.SampleJDBCdeletedata" time="0.366" errors="0" timestamp="2023-02-16T19:51:40 IST" skipped="0">
  <testcase classname="vTiger.Practice.SampleJDBCdeletedata" name="deletedata" time="0.366"/>
  <system-out/>
</testsuite> <!-- vTiger.Practice.SampleJDBCdeletedata -->
