<?xml version="1.0" encoding="UTF-8"?>
<!-- Generated by org.testng.reporters.JUnitReportReporter -->
<testsuite hostname="krishna" failures="0" tests="3" name="testScriptsPractice.TestScript1Test" time="27.127" errors="0" timestamp="2023-03-15T10:21:43 IST" skipped="0">
  <testcase classname="testScriptsPractice.TestScript1Test" name="Suite1" time="9.344"/>
  <system-out/>
  <testcase classname="testScriptsPractice.TestScript1Test" name="Suite3" time="8.783"/>
  <system-out/>
  <testcase classname="testScriptsPractice.TestScript1Test" name="Suite2" time="9.000"/>
  <system-out/>
</testsuite> <!-- testScriptsPractice.TestScript1Test -->
