<?xml version="1.0" encoding="UTF-8"?>
<!-- Generated by org.testng.reporters.JUnitReportReporter -->
<testsuite hostname="krishna" failures="0" tests="2" name="vTiger.Practice.DataProviderPractice" time="0.014" errors="0" timestamp="2023-08-19T18:05:09 IST" skipped="0">
  <testcase classname="vTiger.Practice.DataProviderPractice" name="addProductToCartTest" time="0.001"/>
  <system-out/>
  <testcase classname="vTiger.Practice.DataProviderPractice" name="addProductToCartTest" time="0.013"/>
  <system-out/>
</testsuite> <!-- vTiger.Practice.DataProviderPractice -->
