<?xml version="1.0" encoding="UTF-8"?>
<!-- Generated by org.testng.reporters.JUnitReportReporter -->
<testsuite hostname="krishna" failures="0" tests="1" name="vTiger.Practice.AssertionPractice" time="0.013" errors="0" timestamp="2023-03-09T18:09:23 IST" skipped="0">
  <testcase classname="vTiger.Practice.AssertionPractice" name="assertTest1" time="0.013"/>
  <system-out/>
</testsuite> <!-- vTiger.Practice.AssertionPractice -->
