<?xml version="1.0" encoding="UTF-8"?>
<!-- Generated by org.testng.reporters.JUnitReportReporter -->
<testsuite hostname="krishna" failures="0" tests="4" name="actiTimeTestScripts.CreateNewActTimeCustomerTest" time="48.841" errors="0" timestamp="2023-04-05T12:57:01 IST" skipped="0">
  <testcase classname="actiTimeTestScripts.CreateNewActTimeCustomerTest" name="createCustomer" time="10.675"/>
  <system-out/>
  <testcase classname="actiTimeTestScripts.CreateNewActTimeCustomerTest" name="createCustomer" time="16.399"/>
  <system-out/>
  <testcase classname="actiTimeTestScripts.CreateNewActTimeCustomerTest" name="createCustomer" time="10.165"/>
  <system-out/>
  <testcase classname="actiTimeTestScripts.CreateNewActTimeCustomerTest" name="createCustomer" time="11.602"/>
  <system-out/>
</testsuite> <!-- actiTimeTestScripts.CreateNewActTimeCustomerTest -->
